[INFO] Scanning for projects...
[INFO] 
[INFO] --------------< com.myfoundation:school-donation-backend >--------------
[INFO] Building School Foundation Donation Backend 1.0.0-SNAPSHOT
[INFO]   from pom.xml
[INFO] --------------------------------[ jar ]---------------------------------
[INFO] 
[INFO] >>> spring-boot:3.2.1:run (default-cli) > test-compile @ school-donation-backend >>>
[INFO] 
[INFO] --- resources:3.3.1:resources (default-resources) @ school-donation-backend ---
[INFO] Copying 1 resource from src/main/resources to target/classes
[INFO] Copying 6 resources from src/main/resources to target/classes
[INFO] 
[INFO] --- compiler:3.13.0:compile (default-compile) @ school-donation-backend ---
[INFO] Nothing to compile - all classes are up to date.
[INFO] 
[INFO] --- resources:3.3.1:testResources (default-testResources) @ school-donation-backend ---
[INFO] Copying 2 resources from src/test/resources to target/test-classes
[INFO] 
[INFO] --- compiler:3.13.0:testCompile (default-testCompile) @ school-donation-backend ---
[INFO] Recompiling the module because of changed source code.
[INFO] Compiling 34 source files with javac [debug parameters release 21] to target/test-classes
[INFO] /Users/e141057/Desktop/work/foundation/ngo/foundation-backend/src/test/java/com/myfoundation/school/auth/OtpLoginFlowTest.java: Some input files use or override a deprecated API.
[INFO] /Users/e141057/Desktop/work/foundation/ngo/foundation-backend/src/test/java/com/myfoundation/school/auth/OtpLoginFlowTest.java: Recompile with -Xlint:deprecation for details.
[INFO] 
[INFO] <<< spring-boot:3.2.1:run (default-cli) < test-compile @ school-donation-backend <<<
[INFO] 
[INFO] 
[INFO] --- spring-boot:3.2.1:run (default-cli) @ school-donation-backend ---
[INFO] Attaching agents: []
21:54:17,114 |-INFO in ch.qos.logback.classic.LoggerContext[default] - This is logback-classic version 1.4.14
21:54:17,115 |-INFO in ch.qos.logback.classic.util.ContextInitializer@7ac2e39b - Here is a list of configurators discovered as a service, by rank: 
21:54:17,115 |-INFO in ch.qos.logback.classic.util.ContextInitializer@7ac2e39b -   org.springframework.boot.logging.logback.RootLogLevelConfigurator
21:54:17,115 |-INFO in ch.qos.logback.classic.util.ContextInitializer@7ac2e39b - They will be invoked in order until ExecutionStatus.DO_NOT_INVOKE_NEXT_IF_ANY is returned.
21:54:17,115 |-INFO in ch.qos.logback.classic.util.ContextInitializer@7ac2e39b - Constructed configurator of type class org.springframework.boot.logging.logback.RootLogLevelConfigurator
21:54:17,121 |-INFO in ch.qos.logback.classic.util.ContextInitializer@7ac2e39b - org.springframework.boot.logging.logback.RootLogLevelConfigurator.configure() call lasted 0 milliseconds. ExecutionStatus=INVOKE_NEXT_IF_ANY
21:54:17,121 |-INFO in ch.qos.logback.classic.util.ContextInitializer@7ac2e39b - Trying to configure with ch.qos.logback.classic.joran.SerializedModelConfigurator
21:54:17,121 |-INFO in ch.qos.logback.classic.util.ContextInitializer@7ac2e39b - Constructed configurator of type class ch.qos.logback.classic.joran.SerializedModelConfigurator
21:54:17,122 |-INFO in ch.qos.logback.classic.LoggerContext[default] - Could NOT find resource [logback-test.scmo]
21:54:17,123 |-INFO in ch.qos.logback.classic.LoggerContext[default] - Could NOT find resource [logback.scmo]
21:54:17,123 |-INFO in ch.qos.logback.classic.util.ContextInitializer@7ac2e39b - ch.qos.logback.classic.joran.SerializedModelConfigurator.configure() call lasted 2 milliseconds. ExecutionStatus=INVOKE_NEXT_IF_ANY
21:54:17,123 |-INFO in ch.qos.logback.classic.util.ContextInitializer@7ac2e39b - Trying to configure with ch.qos.logback.classic.util.DefaultJoranConfigurator
21:54:17,123 |-INFO in ch.qos.logback.classic.util.ContextInitializer@7ac2e39b - Constructed configurator of type class ch.qos.logback.classic.util.DefaultJoranConfigurator
21:54:17,123 |-INFO in ch.qos.logback.classic.LoggerContext[default] - Could NOT find resource [logback-test.xml]
21:54:17,123 |-INFO in ch.qos.logback.classic.LoggerContext[default] - Could NOT find resource [logback.xml]
21:54:17,123 |-INFO in ch.qos.logback.classic.util.ContextInitializer@7ac2e39b - ch.qos.logback.classic.util.DefaultJoranConfigurator.configure() call lasted 0 milliseconds. ExecutionStatus=INVOKE_NEXT_IF_ANY
21:54:17,123 |-INFO in ch.qos.logback.classic.util.ContextInitializer@7ac2e39b - Trying to configure with ch.qos.logback.classic.BasicConfigurator
21:54:17,124 |-INFO in ch.qos.logback.classic.util.ContextInitializer@7ac2e39b - Constructed configurator of type class ch.qos.logback.classic.BasicConfigurator
21:54:17,124 |-INFO in ch.qos.logback.classic.BasicConfigurator@78365cfa - Setting up default configuration.
21:54:17,133 |-INFO in ch.qos.logback.classic.util.ContextInitializer@7ac2e39b - ch.qos.logback.classic.BasicConfigurator.configure() call lasted 9 milliseconds. ExecutionStatus=NEUTRAL
21:54:17,311 |-INFO in ch.qos.logback.core.joran.util.ConfigurationWatchListUtil@64a8c844 - Adding [jar:file:/Users/e141057/.m2/repository/org/springframework/boot/spring-boot/3.2.1/spring-boot-3.2.1.jar!/org/springframework/boot/logging/logback/defaults.xml] to configuration watch list.
21:54:17,311 |-INFO in ch.qos.logback.core.joran.spi.ConfigurationWatchList@3f6db3fb - URL [jar:file:/Users/e141057/.m2/repository/org/springframework/boot/spring-boot/3.2.1/spring-boot-3.2.1.jar!/org/springframework/boot/logging/logback/defaults.xml] is not of type file
21:54:17,312 |-INFO in ch.qos.logback.core.joran.action.ConversionRuleAction - registering conversion word clr with class [org.springframework.boot.logging.logback.ColorConverter]
21:54:17,312 |-INFO in ch.qos.logback.core.joran.action.ConversionRuleAction - registering conversion word correlationId with class [org.springframework.boot.logging.logback.CorrelationIdConverter]
21:54:17,312 |-INFO in ch.qos.logback.core.joran.action.ConversionRuleAction - registering conversion word wex with class [org.springframework.boot.logging.logback.WhitespaceThrowableProxyConverter]
21:54:17,312 |-INFO in ch.qos.logback.core.joran.action.ConversionRuleAction - registering conversion word wEx with class [org.springframework.boot.logging.logback.ExtendedWhitespaceThrowableProxyConverter]
21:54:17,325 |-INFO in ch.qos.logback.classic.model.processor.LoggerModelHandler - Setting level of logger [org.apache.catalina.startup.DigesterFactory] to ERROR
21:54:17,325 |-INFO in ch.qos.logback.classic.jul.LevelChangePropagator@52de51b6 - Propagating ERROR level on Logger[org.apache.catalina.startup.DigesterFactory] onto the JUL framework
21:54:17,325 |-INFO in ch.qos.logback.classic.model.processor.LoggerModelHandler - Setting level of logger [org.apache.catalina.util.LifecycleBase] to ERROR
21:54:17,325 |-INFO in ch.qos.logback.classic.jul.LevelChangePropagator@52de51b6 - Propagating ERROR level on Logger[org.apache.catalina.util.LifecycleBase] onto the JUL framework
21:54:17,325 |-INFO in ch.qos.logback.classic.model.processor.LoggerModelHandler - Setting level of logger [org.apache.coyote.http11.Http11NioProtocol] to WARN
21:54:17,325 |-INFO in ch.qos.logback.classic.jul.LevelChangePropagator@52de51b6 - Propagating WARN level on Logger[org.apache.coyote.http11.Http11NioProtocol] onto the JUL framework
21:54:17,325 |-INFO in ch.qos.logback.classic.model.processor.LoggerModelHandler - Setting level of logger [org.apache.sshd.common.util.SecurityUtils] to WARN
21:54:17,325 |-INFO in ch.qos.logback.classic.jul.LevelChangePropagator@52de51b6 - Propagating WARN level on Logger[org.apache.sshd.common.util.SecurityUtils] onto the JUL framework
21:54:17,325 |-INFO in ch.qos.logback.classic.model.processor.LoggerModelHandler - Setting level of logger [org.apache.tomcat.util.net.NioSelectorPool] to WARN
21:54:17,325 |-INFO in ch.qos.logback.classic.jul.LevelChangePropagator@52de51b6 - Propagating WARN level on Logger[org.apache.tomcat.util.net.NioSelectorPool] onto the JUL framework
21:54:17,326 |-INFO in ch.qos.logback.classic.model.processor.LoggerModelHandler - Setting level of logger [org.eclipse.jetty.util.component.AbstractLifeCycle] to ERROR
21:54:17,326 |-INFO in ch.qos.logback.classic.jul.LevelChangePropagator@52de51b6 - Propagating ERROR level on Logger[org.eclipse.jetty.util.component.AbstractLifeCycle] onto the JUL framework
21:54:17,326 |-INFO in ch.qos.logback.classic.model.processor.LoggerModelHandler - Setting level of logger [org.hibernate.validator.internal.util.Version] to WARN
21:54:17,326 |-INFO in ch.qos.logback.classic.jul.LevelChangePropagator@52de51b6 - Propagating WARN level on Logger[org.hibernate.validator.internal.util.Version] onto the JUL framework
21:54:17,326 |-INFO in ch.qos.logback.classic.model.processor.LoggerModelHandler - Setting level of logger [org.springframework.boot.actuate.endpoint.jmx] to WARN
21:54:17,326 |-INFO in ch.qos.logback.classic.jul.LevelChangePropagator@52de51b6 - Propagating WARN level on Logger[org.springframework.boot.actuate.endpoint.jmx] onto the JUL framework
21:54:17,326 |-INFO in ch.qos.logback.core.model.processor.AppenderModelHandler - Processing appender named [CONSOLE]
21:54:17,326 |-INFO in ch.qos.logback.core.model.processor.AppenderModelHandler - About to instantiate appender of type [ch.qos.logback.core.ConsoleAppender]
21:54:17,327 |-INFO in ch.qos.logback.core.model.processor.ImplicitModelHandler - Assuming default type [ch.qos.logback.classic.encoder.PatternLayoutEncoder] for [encoder] property
21:54:17,332 |-INFO in ch.qos.logback.core.model.processor.AppenderModelHandler - Processing appender named [FILE]
21:54:17,332 |-INFO in ch.qos.logback.core.model.processor.AppenderModelHandler - About to instantiate appender of type [ch.qos.logback.core.rolling.RollingFileAppender]
21:54:17,333 |-INFO in ch.qos.logback.core.model.processor.ImplicitModelHandler - Assuming default type [ch.qos.logback.classic.encoder.PatternLayoutEncoder] for [encoder] property
21:54:17,336 |-INFO in c.q.l.core.rolling.SizeAndTimeBasedRollingPolicy@415565467 - setting totalSizeCap to 1 GB
21:54:17,336 |-INFO in c.q.l.core.rolling.SizeAndTimeBasedRollingPolicy@415565467 - Archive files will be limited to [10 MB] each.
21:54:17,337 |-INFO in c.q.l.core.rolling.SizeAndTimeBasedRollingPolicy@415565467 - Will use gz compression
21:54:17,337 |-INFO in c.q.l.core.rolling.SizeAndTimeBasedRollingPolicy@415565467 - Will use the pattern /var/folders/8p/mwy0b2p15l30dx_4xjgn5mq00000gp/T//foundation-backend.log.%d{yyyy-MM-dd}.%i for the active file
21:54:17,345 |-INFO in ch.qos.logback.core.rolling.SizeAndTimeBasedFNATP@3a0d172f - The date pattern is 'yyyy-MM-dd' from file name pattern '/var/folders/8p/mwy0b2p15l30dx_4xjgn5mq00000gp/T//foundation-backend.log.%d{yyyy-MM-dd}.%i.gz'.
21:54:17,345 |-INFO in ch.qos.logback.core.rolling.SizeAndTimeBasedFNATP@3a0d172f - Roll-over at midnight.
21:54:17,348 |-INFO in ch.qos.logback.core.rolling.SizeAndTimeBasedFNATP@3a0d172f - Setting initial period to 2026-01-04T21:53:28.005Z
21:54:17,351 |-INFO in ch.qos.logback.core.rolling.RollingFileAppender[FILE] - Active log file name: /var/folders/8p/mwy0b2p15l30dx_4xjgn5mq00000gp/T//foundation-backend.log
21:54:17,351 |-INFO in ch.qos.logback.core.rolling.RollingFileAppender[FILE] - File property is set to [/var/folders/8p/mwy0b2p15l30dx_4xjgn5mq00000gp/T//foundation-backend.log]
21:54:17,352 |-WARN in ch.qos.logback.core.model.processor.AppenderModelHandler - Appender named [ERROR_FILE] not referenced. Skipping further processing.
21:54:17,352 |-INFO in ch.qos.logback.classic.model.processor.LoggerModelHandler - Setting level of logger [com.myfoundation.school] to DEBUG
21:54:17,352 |-INFO in ch.qos.logback.classic.jul.LevelChangePropagator@52de51b6 - Propagating DEBUG level on Logger[com.myfoundation.school] onto the JUL framework
21:54:17,352 |-INFO in ch.qos.logback.classic.model.processor.LoggerModelHandler - Setting level of logger [org.springframework.web] to DEBUG
21:54:17,352 |-INFO in ch.qos.logback.classic.jul.LevelChangePropagator@52de51b6 - Propagating DEBUG level on Logger[org.springframework.web] onto the JUL framework
21:54:17,352 |-INFO in ch.qos.logback.classic.model.processor.LoggerModelHandler - Setting level of logger [org.springframework.security] to DEBUG
21:54:17,352 |-INFO in ch.qos.logback.classic.jul.LevelChangePropagator@52de51b6 - Propagating DEBUG level on Logger[org.springframework.security] onto the JUL framework
21:54:17,352 |-INFO in ch.qos.logback.classic.model.processor.LoggerModelHandler - Setting level of logger [org.hibernate.SQL] to DEBUG
21:54:17,352 |-INFO in ch.qos.logback.classic.jul.LevelChangePropagator@52de51b6 - Propagating DEBUG level on Logger[org.hibernate.SQL] onto the JUL framework
21:54:17,352 |-INFO in ch.qos.logback.classic.model.processor.LoggerModelHandler - Setting level of logger [org.hibernate.type.descriptor.sql.BasicBinder] to TRACE
21:54:17,352 |-INFO in ch.qos.logback.classic.jul.LevelChangePropagator@52de51b6 - Propagating TRACE level on Logger[org.hibernate.type.descriptor.sql.BasicBinder] onto the JUL framework
21:54:17,352 |-INFO in ch.qos.logback.classic.model.processor.RootLoggerModelHandler - Setting level of ROOT logger to INFO
21:54:17,352 |-INFO in ch.qos.logback.classic.jul.LevelChangePropagator@52de51b6 - Propagating INFO level on Logger[ROOT] onto the JUL framework
21:54:17,352 |-INFO in ch.qos.logback.core.model.processor.AppenderRefModelHandler - Attaching appender named [CONSOLE] to Logger[ROOT]
21:54:17,352 |-INFO in ch.qos.logback.core.model.processor.AppenderRefModelHandler - Attaching appender named [FILE] to Logger[ROOT]
21:54:17,352 |-INFO in ch.qos.logback.classic.model.processor.LoggerModelHandler - Setting level of logger [org.springframework.boot.actuate] to WARN
21:54:17,352 |-INFO in ch.qos.logback.classic.jul.LevelChangePropagator@52de51b6 - Propagating WARN level on Logger[org.springframework.boot.actuate] onto the JUL framework
21:54:17,352 |-INFO in ch.qos.logback.classic.model.processor.LoggerModelHandler - Setting level of logger [org.apache.catalina] to WARN
21:54:17,352 |-INFO in ch.qos.logback.classic.jul.LevelChangePropagator@52de51b6 - Propagating WARN level on Logger[org.apache.catalina] onto the JUL framework
21:54:17,352 |-INFO in ch.qos.logback.classic.model.processor.LoggerModelHandler - Setting level of logger [org.apache.tomcat] to WARN
21:54:17,352 |-INFO in ch.qos.logback.classic.jul.LevelChangePropagator@52de51b6 - Propagating WARN level on Logger[org.apache.tomcat] onto the JUL framework
21:54:17,352 |-INFO in ch.qos.logback.classic.model.processor.LoggerModelHandler - Setting level of logger [io.undertow] to WARN
21:54:17,352 |-INFO in ch.qos.logback.classic.jul.LevelChangePropagator@52de51b6 - Propagating WARN level on Logger[io.undertow] onto the JUL framework
21:54:17,352 |-INFO in ch.qos.logback.classic.model.processor.LoggerModelHandler - Setting level of logger [com.zaxxer.hikari] to WARN
21:54:17,352 |-INFO in ch.qos.logback.classic.jul.LevelChangePropagator@52de51b6 - Propagating WARN level on Logger[com.zaxxer.hikari] onto the JUL framework
21:54:17,352 |-INFO in ch.qos.logback.core.model.processor.DefaultProcessor@68ad99fe - End of configuration.
21:54:17,352 |-INFO in org.springframework.boot.logging.logback.SpringBootJoranConfigurator@485e36bc - Registering current configuration as safe fallback point


  .   ____          _            __ _ _
 /\\ / ___'_ __ _ _(_)_ __  __ _ \ \ \ \
( ( )\___ | '_ | '_| | '_ \/ _` | \ \ \ \
 \\/  ___)| |_)| | | | | || (_| |  ) ) ) )
  '  |____| .__|_| |_|_| |_\__, | / / / /
 =========|_|==============|___/=/_/_/_/
 :: Spring Boot ::                (v3.2.1)

2026-01-04 21:54:17.386 INFO  [main] c.m.school.FoundationApplication - Starting FoundationApplication using Java 21.0.9 with PID 57010 (/Users/e141057/Desktop/work/foundation/ngo/foundation-backend/target/classes started by e141057 in /Users/e141057/Desktop/work/foundation/ngo/foundation-backend)
2026-01-04 21:54:17.386 INFO  [main] c.m.school.FoundationApplication - No active profile set, falling back to 1 default profile: "default"
2026-01-04 21:54:17.750 INFO  [main] o.s.d.r.c.RepositoryConfigurationDelegate - Bootstrapping Spring Data JPA repositories in DEFAULT mode.
2026-01-04 21:54:17.794 INFO  [main] o.s.d.r.c.RepositoryConfigurationDelegate - Finished Spring Data repository scanning in 41 ms. Found 20 JPA repository interfaces.
2026-01-04 21:54:18.022 INFO  [main] o.s.b.w.e.tomcat.TomcatWebServer - Tomcat initialized with port 8080 (http)
2026-01-04 21:54:18.079 INFO  [main] o.s.b.w.s.c.ServletWebServerApplicationContext - Root WebApplicationContext: initialization completed in 677 ms
2026-01-04 21:54:18.109 DEBUG [main] c.m.s.s.JwtAuthenticationFilter - Filter 'jwtAuthenticationFilter' configured for use
2026-01-04 21:54:18.109 INFO  [main] c.m.s.security.RateLimitingFilter - Rate limiting filter initialized - Login: 5/min, Admin: 500/min, General: 500/min
2026-01-04 21:54:18.109 DEBUG [main] c.m.school.security.RateLimitFilter - Filter 'rateLimitFilter' configured for use
2026-01-04 21:54:18.109 DEBUG [main] c.m.school.security.CsrfDebugFilter - Filter 'csrfDebugFilter' configured for use
2026-01-04 21:54:18.157 INFO  [main] o.h.jpa.internal.util.LogHelper - HHH000204: Processing PersistenceUnitInfo [name: default]
2026-01-04 21:54:18.184 INFO  [main] org.hibernate.Version - HHH000412: Hibernate ORM core version 6.4.1.Final
2026-01-04 21:54:18.205 INFO  [main] o.h.c.i.RegionFactoryInitiator - HHH000026: Second-level cache disabled
2026-01-04 21:54:18.329 INFO  [main] o.s.o.j.p.SpringPersistenceUnitInfo - No LoadTimeWeaver setup: ignoring JPA class transformer
2026-01-04 21:54:18.440 WARN  [main] org.hibernate.orm.deprecation - HHH90000025: PostgreSQLDialect does not need to be specified explicitly using 'hibernate.dialect' (remove the property setting and it will be selected by default)
2026-01-04 21:54:18.945 INFO  [main] o.h.e.t.j.p.i.JtaPlatformInitiator - HHH000489: No JTA platform available (set 'hibernate.transaction.jta.platform' to enable JTA platform integration)
2026-01-04 21:54:19.243 INFO  [main] o.s.o.j.LocalContainerEntityManagerFactoryBean - Initialized JPA EntityManagerFactory for persistence unit 'default'
2026-01-04 21:54:19.358 INFO  [main] o.s.d.j.r.query.QueryEnhancerFactory - Hibernate is in classpath; If applicable, HQL parser will be used.
2026-01-04 21:54:19.642 INFO  [main] c.m.school.config.StripeConfig - Stripe API initialized successfully
2026-01-04 21:54:19.995 WARN  [main] o.s.b.a.o.j.JpaBaseConfiguration$JpaWebConfiguration - spring.jpa.open-in-view is enabled by default. Therefore, database queries may be performed during view rendering. Explicitly configure spring.jpa.open-in-view to disable this warning
2026-01-04 21:54:20.002 WARN  [main] o.s.b.a.s.s.UserDetailsServiceAutoConfiguration - 

Using generated security password: 55d9f009-cc3e-4a47-a86a-89241ecd3024

This generated password is for development use only. Your security configuration must be updated before running your application in production.

2026-01-04 21:54:20.101 DEBUG [main] o.s.w.s.m.m.a.RequestMappingHandlerMapping - 103 mappings in 'requestMappingHandlerMapping'
2026-01-04 21:54:20.115 DEBUG [main] o.s.w.s.h.SimpleUrlHandlerMapping - Patterns [/webjars/**, /**, /uploads/**, /swagger-ui*/*swagger-initializer.js, /swagger-ui*/**] in 'resourceHandlerMapping'
2026-01-04 21:54:20.118 INFO  [main] c.m.school.security.SecurityConfig - Configuring Security Filter Chain with FRONTEND_URL: http://localhost:5173
2026-01-04 21:54:20.119 INFO  [main] c.m.school.security.SecurityConfig - Configuring CORS with allowed origin: http://localhost:5173
2026-01-04 21:54:20.119 INFO  [main] c.m.school.security.SecurityConfig - CORS allowed origins: [http://localhost:5173, http://localhost:5174, http://localhost:3000, https://frontend-three-psi-17.vercel.app, https://www.yugalsavitriseva.org/, https://foundation-frontend-three.vercel.app, http://localhost:5173]
2026-01-04 21:54:20.122 INFO  [main] c.m.school.security.SecurityConfig - Configuring authorization rules...
2026-01-04 21:54:20.134 INFO  [main] o.s.s.web.DefaultSecurityFilterChain - Will secure any request with [org.springframework.security.web.session.DisableEncodeUrlFilter@4ccfd904, org.springframework.security.web.context.request.async.WebAsyncManagerIntegrationFilter@5de25642, org.springframework.security.web.context.SecurityContextHolderFilter@10b9956a, org.springframework.security.web.header.HeaderWriterFilter@74aae322, org.springframework.web.filter.CorsFilter@479885d, org.springframework.security.web.csrf.CsrfFilter@4d9dd8cc, com.myfoundation.school.security.CsrfCookieFilter@47609e3d, com.myfoundation.school.security.CsrfDebugFilter@70881123, org.springframework.security.web.authentication.logout.LogoutFilter@3327337a, com.myfoundation.school.security.JwtAuthenticationFilter@5d850a25, org.springframework.security.web.savedrequest.RequestCacheAwareFilter@f083345, org.springframework.security.web.servletapi.SecurityContextHolderAwareRequestFilter@391720c3, org.springframework.security.web.authentication.AnonymousAuthenticationFilter@7555782c, org.springframework.security.web.session.SessionManagementFilter@5d98522c, org.springframework.security.web.access.ExceptionTranslationFilter@27192b0c, org.springframework.security.web.access.intercept.AuthorizationFilter@492b12e5]
2026-01-04 21:54:20.164 DEBUG [main] o.s.w.s.m.m.a.RequestMappingHandlerAdapter - ControllerAdvice beans: 0 @ModelAttribute, 0 @InitBinder, 1 RequestBodyAdvice, 1 ResponseBodyAdvice
2026-01-04 21:54:20.178 DEBUG [main] o.s.w.s.m.m.a.ExceptionHandlerExceptionResolver - ControllerAdvice beans: 2 @ExceptionHandler, 1 ResponseBodyAdvice
2026-01-04 21:54:20.259 INFO  [main] o.s.b.w.e.tomcat.TomcatWebServer - Tomcat started on port 8080 (http) with context path ''
2026-01-04 21:54:20.264 INFO  [main] c.m.school.FoundationApplication - Started FoundationApplication in 3.094 seconds (process running for 3.257)
2026-01-04 21:54:20.265 INFO  [main] c.m.s.settings.SiteSettingConfig - Checking and initializing site settings
2026-01-04 21:54:20.268 INFO  [main] c.m.s.settings.SiteSettingService - Initializing default settings
2026-01-04 21:54:20.297 DEBUG [main] org.hibernate.SQL - 
    select
        ss1_0.setting_key,
        ss1_0.created_at,
        ss1_0.description,
        ss1_0.is_public,
        ss1_0.setting_type,
        ss1_0.updated_at,
        ss1_0.updated_by,
        ss1_0.setting_value 
    from
        site_settings ss1_0 
    where
        ss1_0.setting_key=?
2026-01-04 21:54:20.321 DEBUG [main] org.hibernate.SQL - 
    select
        ss1_0.setting_key,
        ss1_0.created_at,
        ss1_0.description,
        ss1_0.is_public,
        ss1_0.setting_type,
        ss1_0.updated_at,
        ss1_0.updated_by,
        ss1_0.setting_value 
    from
        site_settings ss1_0 
    where
        ss1_0.setting_key=?
2026-01-04 21:54:20.322 DEBUG [main] org.hibernate.SQL - 
    select
        ss1_0.setting_key,
        ss1_0.created_at,
        ss1_0.description,
        ss1_0.is_public,
        ss1_0.setting_type,
        ss1_0.updated_at,
        ss1_0.updated_by,
        ss1_0.setting_value 
    from
        site_settings ss1_0 
    where
        ss1_0.setting_key=?
2026-01-04 21:54:20.323 DEBUG [main] org.hibernate.SQL - 
    select
        ss1_0.setting_key,
        ss1_0.created_at,
        ss1_0.description,
        ss1_0.is_public,
        ss1_0.setting_type,
        ss1_0.updated_at,
        ss1_0.updated_by,
        ss1_0.setting_value 
    from
        site_settings ss1_0 
    where
        ss1_0.setting_key=?
2026-01-04 21:54:20.324 DEBUG [main] org.hibernate.SQL - 
    select
        ss1_0.setting_key,
        ss1_0.created_at,
        ss1_0.description,
        ss1_0.is_public,
        ss1_0.setting_type,
        ss1_0.updated_at,
        ss1_0.updated_by,
        ss1_0.setting_value 
    from
        site_settings ss1_0 
    where
        ss1_0.setting_key=?
2026-01-04 21:54:20.325 DEBUG [main] org.hibernate.SQL - 
    select
        ss1_0.setting_key,
        ss1_0.created_at,
        ss1_0.description,
        ss1_0.is_public,
        ss1_0.setting_type,
        ss1_0.updated_at,
        ss1_0.updated_by,
        ss1_0.setting_value 
    from
        site_settings ss1_0 
    where
        ss1_0.setting_key=?
2026-01-04 21:54:20.326 INFO  [main] c.m.s.settings.SiteSettingService - Default settings initialized
2026-01-04 21:54:20.327 INFO  [main] c.m.s.settings.SiteSettingConfig - Site settings initialization completed
2026-01-04 21:54:20.331 DEBUG [main] org.hibernate.SQL - 
    select
        count(*) 
    from
        security_questions sq1_0
2026-01-04 21:54:20.332 INFO  [main] c.m.school.config.DataInitializer - Security questions already initialized (found 10 questions)
2026-01-04 21:54:20.332 INFO  [main] c.m.school.config.DataInitializer - Initializing default contact settings...
2026-01-04 21:54:20.333 DEBUG [main] org.hibernate.SQL - 
    select
        count(*) 
    from
        contact_settings cs1_0
2026-01-04 21:54:20.348 INFO  [main] c.m.school.config.DataInitializer - Contact settings initialized successfully
2026-01-04 21:54:20.349 INFO  [main] c.m.s.config.AdminUserInitializer - Ensuring default admin user exists...
2026-01-04 21:54:20.349 DEBUG [main] org.hibernate.SQL - 
    select
        au1_0.id,
        au1_0.active,
        au1_0.created_at,
        au1_0.email,
        au1_0.full_name,
        au1_0.last_login_at,
        au1_0.password,
        au1_0.role,
        au1_0.updated_at,
        au1_0.username 
    from
        admin_users au1_0 
    where
        au1_0.email=?
2026-01-04 21:54:20.350 INFO  [main] c.m.school.auth.AuthService - Admin user already exists
2026-01-04 21:54:20.351 INFO  [main] c.m.s.config.AdminUserInitializer - Default admin user check completed
2026-01-04 21:55:18.098 DEBUG [pool-2-thread-1] c.m.school.security.RateLimitFilter - Rate limit counters reset
[INFO] ------------------------------------------------------------------------
[INFO] BUILD FAILURE
[INFO] ------------------------------------------------------------------------
[INFO] Total time:  01:46 min
[INFO] Finished at: 2026-01-04T21:56:00Z
[INFO] ------------------------------------------------------------------------
[ERROR] Failed to execute goal org.springframework.boot:spring-boot-maven-plugin:3.2.1:run (default-cli) on project school-donation-backend: Process terminated with exit code: 137 -> [Help 1]
[ERROR] 
[ERROR] To see the full stack trace of the errors, re-run Maven with the -e switch.
[ERROR] Re-run Maven using the -X switch to enable full debug logging.
[ERROR] 
[ERROR] For more information about the errors and possible solutions, please read the following articles:
[ERROR] [Help 1] http://cwiki.apache.org/confluence/display/MAVEN/MojoExecutionException
